0 info it worked if it ends with ok
1 verbose cli [ '/Users/sakaifumiya/.nvm/versions/node/v4.2.2/bin/node',
1 verbose cli   '/Users/sakaifumiya/.nvm/versions/node/v4.2.2/bin/npm',
1 verbose cli   'install' ]
2 info using npm@2.14.7
3 info using node@v4.2.2
4 verbose readDependencies loading dependencies from /Users/sakaifumiya/Desktop/rails5App/file_upload_api_mode/api/file_upload_api/package.json
5 error install Couldn't read dependencies
6 verbose stack Error: ENOENT: no such file or directory, open '/Users/sakaifumiya/Desktop/rails5App/file_upload_api_mode/api/file_upload_api/package.json'
6 verbose stack     at Error (native)
7 verbose cwd /Users/sakaifumiya/Desktop/rails5App/file_upload_api_mode/api/file_upload_api
8 error Darwin 15.6.0
9 error argv "/Users/sakaifumiya/.nvm/versions/node/v4.2.2/bin/node" "/Users/sakaifumiya/.nvm/versions/node/v4.2.2/bin/npm" "install"
10 error node v4.2.2
11 error npm  v2.14.7
12 error path /Users/sakaifumiya/Desktop/rails5App/file_upload_api_mode/api/file_upload_api/package.json
13 error code ENOPACKAGEJSON
14 error errno -2
15 error syscall open
16 error package.json ENOENT: no such file or directory, open '/Users/sakaifumiya/Desktop/rails5App/file_upload_api_mode/api/file_upload_api/package.json'
16 error package.json This is most likely not a problem with npm itself.
16 error package.json npm can't find a package.json file in your current directory.
17 verbose exit [ -2, true ]
